000 (6377.000.000) 2026-04-14 22:26:15 Job submitted from host: <128.105.76.6:9618?addrs=128.105.76.6-9618+[2607-f388-2200-100-216-3eff-fe63-f8a5]-9618&alias=learn.chtc.wisc.edu&noUDP&sock=schedd_6739_f8d1>
...
040 (6377.000.000) 2026-04-14 22:27:02 Started transferring input files
	Transferring to host: <128.105.69.108:9618?addrs=128.105.69.108-9618+[2607-f388-2200-100-1270-fdff-fe56-3214]-9618&alias=e4057.chtc.wisc.edu&noUDP&sock=slot1_55_2553389_4a72_93773>
...
040 (6377.000.000) 2026-04-14 22:27:06 Finished transferring input files
...
001 (6377.000.000) 2026-04-14 22:27:07 Job executing on host: <128.105.69.108:9618?addrs=128.105.69.108-9618+[2607-f388-2200-100-1270-fdff-fe56-3214]-9618&alias=e4057.chtc.wisc.edu&noUDP&sock=startd_15189_f817>
	SlotName: slot1_55@e4057.chtc.wisc.edu
	CondorScratchDir = "/var/lib/condor/execute/slot1/dir_3560276/scratch"
	Cpus = 1
	Disk = 3145728
	GPUs = 0
	IoHeavy = 0
	Memory = 2048
...
006 (6377.000.000) 2026-04-14 22:27:16 Image size of job updated: 149592
	147  -  MemoryUsage of job (MB)
	149592  -  ResidentSetSize of job (KB)
...
006 (6377.000.000) 2026-04-14 22:32:17 Image size of job updated: 151632
	147  -  MemoryUsage of job (MB)
	149984  -  ResidentSetSize of job (KB)
...
040 (6377.000.000) 2026-04-14 22:39:50 Started transferring output files
...
040 (6377.000.000) 2026-04-14 22:39:50 Finished transferring output files
...
005 (6377.000.000) 2026-04-14 22:39:50 Job terminated.
	(1) Normal termination (return value 0)
		Usr 0 00:12:27, Sys 0 00:00:03  -  Run Remote Usage
		Usr 0 00:00:00, Sys 0 00:00:00  -  Run Local Usage
		Usr 0 00:12:27, Sys 0 00:00:03  -  Total Remote Usage
		Usr 0 00:00:00, Sys 0 00:00:00  -  Total Local Usage
	50981  -  Run Bytes Sent By Job
	920791453  -  Run Bytes Received By Job
	50981  -  Total Bytes Sent By Job
	920791453  -  Total Bytes Received By Job
	Partitionable Resources :      Usage  Request Allocated 
	   Cpus                 :       0.98        1         1 
	   Disk (KB)            : 1129910     3145728   3145728 
	   GPUs                 :                             0 
	   IoHeavy              :                             0 
	   Memory (MB)          :     147        2048      2048 
	   TimeExecute (s)      :     763                       
	   TimeSlotBusy (s)     :     769                       
...
